<?xml version="1.0" encoding="UTF-8"?>
<!-- Generated by org.testng.reporters.JUnitReportReporter -->
<testsuite hostname="sivareddy" failures="0" tests="1" name="practice.HeadlessBrowser" time="14.825" errors="0" timestamp="14 May 2020 04:43:22 GMT" skipped="0">
  <testcase classname="practice.HeadlessBrowser" name="test" time="14.825"/>
</testsuite> <!-- practice.HeadlessBrowser -->
