<?xml version="1.0" encoding="UTF-8"?>
<!-- Generated by org.testng.reporters.JUnitReportReporter -->
<testsuite hostname="sivareddy" failures="0" tests="1" name="seleniumpractice.HeadlessBrowser" time="8.898" errors="0" timestamp="09 Jul 2020 04:46:53 GMT" skipped="0">
  <testcase classname="seleniumpractice.HeadlessBrowser" name="test" time="8.898"/>
</testsuite> <!-- seleniumpractice.HeadlessBrowser -->
